\BOOKMARK [0][-]{cover.0}{\376\377\116\055\145\207\134\001\227\142}{}% 1
\BOOKMARK [0][-]{abstract.0}{\376\377\116\055\145\207\144\130\211\201}{}% 2
\BOOKMARK [0][-]{englishabstract.0}{\376\377\202\361\145\207\144\130\211\201}{}% 3
\BOOKMARK [0][-]{chapter*.1}{\376\377\166\356\000\040\137\125}{}% 4
\BOOKMARK [0][-]{chapter*.2}{\376\377\143\322\126\376\156\005\123\125}{}% 5
\BOOKMARK [0][-]{chapter*.3}{\376\377\226\104\210\150\156\005\123\125}{}% 6
\BOOKMARK [0][-]{chapter.1}{\376\377\0001\000\040\176\352\213\272}{}% 7
\BOOKMARK [1][-]{section.1.1}{\376\377\0001\000.\0001\000\040\170\024\172\166\200\314\146\157\123\312\141\017\116\111}{chapter.1}% 8
\BOOKMARK [1][-]{section.1.2}{\376\377\0001\000.\0002\000\040\126\375\121\205\131\026\170\024\172\166\163\260\162\266}{chapter.1}% 9
\BOOKMARK [1][-]{section.1.3}{\376\377\0001\000.\0003\000\040\147\054\145\207\116\073\211\201\170\024\172\166\135\345\117\134}{chapter.1}% 10
\BOOKMARK [1][-]{section.1.4}{\376\377\0001\000.\0004\000\040\147\054\145\207\176\304\176\307\176\323\147\204}{chapter.1}% 11
\BOOKMARK [0][-]{chapter.2}{\376\377\0002\000\040\164\006\213\272\116\016\142\200\147\057\145\057\143\001}{}% 12
\BOOKMARK [1][-]{section.2.1}{\376\377\0002\000.\0001\000\040\230\206\127\337\232\161\122\250\213\276\213\241}{chapter.2}% 13
\BOOKMARK [2][-]{subsection.2.1.1}{\376\377\0002\000.\0001\000.\0001\000\040\142\030\165\145\136\372\152\041\166\370\121\163\151\202\137\365}{section.2.1}% 14
\BOOKMARK [2][-]{subsection.2.1.2}{\376\377\0002\000.\0001\000.\0002\000\040\142\030\147\057\136\372\152\041\166\370\121\163\151\202\137\365}{section.2.1}% 15
\BOOKMARK [1][-]{section.2.2}{\376\377\0002\000.\0002\000\040\136\372\152\041\213\355\212\000}{chapter.2}% 16
\BOOKMARK [1][-]{section.2.3}{\376\377\0002\000.\0003\000\040\162\171\133\232\230\206\127\337\136\372\152\041\213\355\212\000\147\204\136\372\145\271\154\325}{chapter.2}% 17
\BOOKMARK [1][-]{section.2.4}{\376\377\0002\000.\0004\000\040\136\372\152\041\145\057\143\001\135\345\121\167\133\236\163\260\142\200\147\057}{chapter.2}% 18
\BOOKMARK [1][-]{section.2.5}{\376\377\0002\000.\0005\000\040\147\054\172\340\134\017\176\323}{chapter.2}% 19
\BOOKMARK [0][-]{chapter.3}{\376\377\0003\000\040\227\142\124\021\230\206\127\337\232\161\122\250\213\276\213\241\166\204\142\030\147\057\136\372\152\041\145\057\143\001\145\271\154\325}{}% 20
\BOOKMARK [1][-]{section.3.1}{\376\377\0003\000.\0001\000\040\170\024\172\166\145\271\154\325\151\202\217\360}{chapter.3}% 21
\BOOKMARK [1][-]{section.3.2}{\376\377\0003\000.\0002\000\040\170\024\172\166\217\307\172\013}{chapter.3}% 22
\BOOKMARK [2][-]{subsection.3.2.1}{\376\377\0003\000.\0002\000.\0001\000\040\145\207\163\056\176\374\217\360}{section.3.2}% 23
\BOOKMARK [2][-]{subsection.3.2.2}{\376\377\0003\000.\0002\000.\0002\000\040\213\277\214\010}{section.3.2}% 24
\BOOKMARK [2][-]{subsection.3.2.3}{\376\377\0003\000.\0002\000.\0003\000\040\161\046\160\271\134\017\176\304}{section.3.2}% 25
\BOOKMARK [1][-]{section.3.3}{\376\377\0003\000.\0003\000\040\142\030\147\057\136\372\152\041\143\007\123\127}{chapter.3}% 26
\BOOKMARK [2][-]{subsection.3.3.1}{\376\377\0003\000.\0003\000.\0001\000\040\142\030\147\057\136\372\152\041\152\041\137\017\123\312\134\136\140\047}{section.3.3}% 27
\BOOKMARK [2][-]{subsection.3.3.2}{\376\377\0003\000.\0003\000.\0002\000\040\142\030\147\057\136\372\152\041\152\041\137\017\117\177\165\050\145\366\147\072\116\016\133\236\163\260\142\200\147\057}{section.3.3}% 28
\BOOKMARK [2][-]{subsection.3.3.3}{\376\377\0003\000.\0003\000.\0003\000\040\142\030\147\057\136\372\152\041\143\007\123\127\147\204\136\372\176\323\147\234}{section.3.3}% 29
\BOOKMARK [1][-]{section.3.4}{\376\377\0003\000.\0004\000\040\142\030\147\057\136\372\152\041\213\355\212\000}{chapter.3}% 30
\BOOKMARK [2][-]{subsection.3.4.1}{\376\377\0003\000.\0004\000.\0001\000\040\142\030\147\057\136\372\152\041\213\355\212\000\121\103\175\040\226\306}{section.3.4}% 31
\BOOKMARK [2][-]{subsection.3.4.2}{\376\377\0003\000.\0004\000.\0002\000\040\142\030\147\057\136\372\152\041\121\103\174\173}{section.3.4}% 32
\BOOKMARK [2][-]{subsection.3.4.3}{\376\377\0003\000.\0004\000.\0003\000\040\142\030\147\057\136\372\152\041\213\355\212\000\176\246\147\137}{section.3.4}% 33
\BOOKMARK [1][-]{section.3.5}{\376\377\0003\000.\0005\000\040\147\054\172\340\134\017\176\323}{chapter.3}% 34
\BOOKMARK [0][-]{chapter.4}{\376\377\0004\000\040\136\372\152\041\145\057\143\001\135\345\121\167\213\276\213\241\116\016\133\236\163\260}{}% 35
\BOOKMARK [1][-]{section.4.1}{\376\377\0004\000.\0001\000\040\151\202\217\360}{chapter.4}% 36
\BOOKMARK [1][-]{section.4.2}{\376\377\0004\000.\0002\000\040\227\000\154\102\122\006\147\220}{chapter.4}% 37
\BOOKMARK [2][-]{subsection.4.2.1}{\376\377\0004\000.\0002\000.\0001\000\040\135\345\121\167\140\073\117\123\122\237\200\375}{section.4.2}% 38
\BOOKMARK [2][-]{subsection.4.2.2}{\376\377\0004\000.\0002\000.\0002\000\040\123\357\211\306\123\026\136\372\152\041\152\041\127\127\227\000\154\102\122\006\147\220}{section.4.2}% 39
\BOOKMARK [2][-]{subsection.4.2.3}{\376\377\0004\000.\0002\000.\0003\000\040\152\041\127\213\150\041\232\214\152\041\127\127\227\000\154\102\122\006\147\220}{section.4.2}% 40
\BOOKMARK [2][-]{subsection.4.2.4}{\376\377\0004\000.\0002\000.\0004\000\040\152\041\127\213\133\130\120\250\116\016\217\154\123\026\152\041\127\127\227\000\154\102\122\006\147\220}{section.4.2}% 41
\BOOKMARK [1][-]{section.4.3}{\376\377\0004\000.\0003\000\040\135\345\121\167\213\276\213\241\116\016\133\236\163\260}{chapter.4}% 42
\BOOKMARK [2][-]{subsection.4.3.1}{\376\377\0004\000.\0003\000.\0001\000\040\140\073\117\123\213\276\213\241}{section.4.3}% 43
\BOOKMARK [2][-]{subsection.4.3.2}{\376\377\0004\000.\0003\000.\0002\000\040\123\357\211\306\123\026\136\372\152\041\152\041\127\127\213\346\176\306\213\276\213\241\116\016\133\236\163\260}{section.4.3}% 44
\BOOKMARK [2][-]{subsection.4.3.3}{\376\377\0004\000.\0003\000.\0003\000\040\152\041\127\213\150\041\232\214\152\041\127\127\213\346\176\306\213\276\213\241\116\016\133\236\163\260}{section.4.3}% 45
\BOOKMARK [2][-]{subsection.4.3.4}{\376\377\0004\000.\0003\000.\0004\000\040\152\041\127\213\133\130\120\250\116\016\217\154\123\026\213\346\176\306\213\276\213\241\116\016\133\236\163\260}{section.4.3}% 46
\BOOKMARK [1][-]{section.4.4}{\376\377\0004\000.\0004\000\040\147\054\172\340\134\017\176\323}{chapter.4}% 47
\BOOKMARK [0][-]{chapter.5}{\376\377\0005\000\040\136\372\152\041\145\057\143\001\135\345\121\167\155\113\213\325\116\016\150\110\117\213\170\024\172\166}{}% 48
\BOOKMARK [1][-]{section.5.1}{\376\377\0005\000.\0001\000\040\136\372\152\041\145\057\143\001\135\345\121\167\155\113\213\325}{chapter.5}% 49
\BOOKMARK [2][-]{subsection.5.1.1}{\376\377\0005\000.\0001\000.\0001\000\040\123\357\211\306\123\026\136\372\152\041\155\113\213\325}{section.5.1}% 50
\BOOKMARK [2][-]{subsection.5.1.2}{\376\377\0005\000.\0001\000.\0002\000\040\136\372\152\041\176\246\147\137\150\041\232\214\155\113\213\325}{section.5.1}% 51
\BOOKMARK [2][-]{subsection.5.1.3}{\376\377\0005\000.\0001\000.\0003\000\040\152\041\127\213\133\130\120\250\155\113\213\325}{section.5.1}% 52
\BOOKMARK [2][-]{subsection.5.1.4}{\376\377\0005\000.\0001\000.\0004\000\040\165\037\142\020\230\171\166\356\155\113\213\325}{section.5.1}% 53
\BOOKMARK [2][-]{subsection.5.1.5}{\376\377\0005\000.\0001\000.\0005\000\040\140\047\200\375\155\113\213\325}{section.5.1}% 54
\BOOKMARK [1][-]{section.5.2}{\376\377\0005\000.\0002\000\040\150\110\117\213\170\024\172\166}{chapter.5}% 55
\BOOKMARK [2][-]{subsection.5.2.1}{\376\377\0005\000.\0002\000.\0001\000\040\232\214\213\301\153\145\232\244}{section.5.2}% 56
\BOOKMARK [2][-]{subsection.5.2.2}{\376\377\0005\000.\0002\000.\0002\000\040\232\214\213\301\217\307\172\013}{section.5.2}% 57
\BOOKMARK [1][-]{section.5.3}{\376\377\0005\000.\0003\000\040\147\054\172\340\134\017\176\323}{chapter.5}% 58
\BOOKMARK [0][-]{chapter.6}{\376\377\0006\000\040\140\073\176\323\116\016\134\125\147\033}{}% 59
\BOOKMARK [1][-]{section.6.1}{\376\377\0006\000.\0001\000\040\140\073\176\323}{chapter.6}% 60
\BOOKMARK [1][-]{section.6.2}{\376\377\0006\000.\0002\000\040\134\125\147\033}{chapter.6}% 61
\BOOKMARK [0][-]{chapter*.41}{\376\377\201\364\000\040\214\042}{}% 62
\BOOKMARK [0][-]{chapter*.42}{\376\377\123\302\200\003\145\207\163\056}{}% 63
\BOOKMARK [0][-]{appendix.A}{\376\377\000A\000\040\213\277\214\010\225\356\230\230}{}% 64
\BOOKMARK [1][-]{section.A.1}{\376\377\000A\000.\0001\000\040\142\030\147\057\136\372\152\041\213\277\214\010\225\356\230\230}{appendix.A}% 65
\BOOKMARK [0][-]{appendix*.43}{\376\377\173\200\123\206\116\016\171\321\170\024\142\020\147\234}{}% 66
